Filename                      Regions    Missed Regions     Cover   Functions  Missed Functions  Executed       Lines      Missed Lines     Cover    Branches   Missed Branches     Cover
-----------------------------------------------------------------------------------------------------------------------------------------------------------------------------------------
gpu_cache_ref.cc                 1662               744    55.23%         114                28    75.44%        1740               525    69.83%         905               380    58.01%
gpu_cache_ref.h                   670               244    63.58%         184                44    76.09%         920               225    75.54%         256                68    73.44%
-----------------------------------------------------------------------------------------------------------------------------------------------------------------------------------------
TOTAL                            2332               988    57.63%         298                72    75.84%        2660               750    71.80%        1161               448    61.41%

Note: llvm-cov reported mismatched function data while merging profiles from multiple test binaries.
The raw diagnostic is saved in coverage-refcount-watermark/coverage-warnings.txt.
The coverage table above is still generated from all unit/scenario/whitebox profiles.
