Filename                      Regions    Missed Regions     Cover   Functions  Missed Functions  Executed       Lines      Missed Lines     Cover    Branches   Missed Branches     Cover
-----------------------------------------------------------------------------------------------------------------------------------------------------------------------------------------
gpu_cache_ref.cc                 1677               741    55.81%         116                29    75.00%        1743               525    69.88%         919               378    58.87%
gpu_cache_ref.h                   670               245    63.43%         184                45    75.54%         920               228    75.22%         256                68    73.44%
-----------------------------------------------------------------------------------------------------------------------------------------------------------------------------------------
TOTAL                            2347               986    57.99%         300                74    75.33%        2663               753    71.72%        1175               446    62.04%

Note: llvm-cov reported mismatched function data while merging profiles from multiple test binaries.
The raw diagnostic is saved in coverage/coverage-warnings.txt.
The coverage table above is still generated from all unit/scenario/whitebox profiles.
